<?xml version="1.0" encoding="UTF-8"?>
<coverage generated="1762349276374" clover="3.2.0">
  <project timestamp="1762349276374" name="All files">
    <metrics statements="6" coveredstatements="6" conditionals="1" coveredconditionals="0" methods="4" coveredmethods="4" elements="11" coveredelements="10" complexity="0" loc="6" ncloc="6" packages="1" files="1" classes="1"/>
    <file name="contabancaria.js" path="C:\Users\45735912810\Desktop\testes-numericos-com-jest\contabancaria.js">
      <metrics statements="6" coveredstatements="6" conditionals="1" coveredconditionals="0" methods="4" coveredmethods="4"/>
      <line num="4" count="9" type="stmt"/>
      <line num="7" count="2" type="stmt"/>
      <line num="10" count="4" type="stmt"/>
      <line num="13" count="1" type="stmt"/>
      <line num="14" count="1" type="stmt"/>
      <line num="19" count="1" type="stmt"/>
    </file>
  </project>
</coverage>
