{"C:\\Users\\45735912810\\Desktop\\testes-numericos-com-jest\\contabancaria.js": {"path":"C:\\Users\\45735912810\\Desktop\\testes-numericos-com-jest\\contabancaria.js","statementMap":{"0":{"start":{"line":4,"column":4},"end":{"line":16,"column":6}},"1":{"start":{"line":7,"column":8},"end":{"line":7,"column":28}},"2":{"start":{"line":10,"column":8},"end":{"line":10,"column":28}},"3":{"start":{"line":13,"column":8},"end":{"line":13,"column":28}},"4":{"start":{"line":14,"column":8},"end":{"line":14,"column":34}},"5":{"start":{"line":19,"column":2},"end":{"line":19,"column":30}}},"fnMap":{"0":{"name":"criarConta","decl":{"start":{"line":3,"column":9},"end":{"line":3,"column":19}},"loc":{"start":{"line":3,"column":38},"end":{"line":17,"column":3}},"line":3},"1":{"name":"(anonymous_1)","decl":{"start":{"line":6,"column":6},"end":{"line":6,"column":7}},"loc":{"start":{"line":6,"column":23},"end":{"line":8,"column":7}},"line":6},"2":{"name":"(anonymous_2)","decl":{"start":{"line":9,"column":6},"end":{"line":9,"column":7}},"loc":{"start":{"line":9,"column":19},"end":{"line":11,"column":7}},"line":9},"3":{"name":"(anonymous_3)","decl":{"start":{"line":12,"column":6},"end":{"line":12,"column":7}},"loc":{"start":{"line":12,"column":36},"end":{"line":15,"column":7}},"line":12}},"branchMap":{"0":{"loc":{"start":{"line":3,"column":20},"end":{"line":3,"column":36}},"type":"default-arg","locations":[{"start":{"line":3,"column":35},"end":{"line":3,"column":36}}],"line":3}},"s":{"0":9,"1":2,"2":4,"3":1,"4":1,"5":1},"f":{"0":9,"1":2,"2":4,"3":1},"b":{"0":[0]},"_coverageSchema":"1a1c01bbd47fc00a2c39e90264f33305004495a9","hash":"ce9df3570cbf5805869e7878686abda0558cbcb1"}
}
